TN:
SF:src/modificacion1.ts
FN:27,<instance_members_initializer>
FN:31,Button
FN:34,getId
FN:38,getName
FN:43,subscribe
FN:51,unsubscribe
FN:60,notify
FN:64,Evento_nuevo
FN:73,<instance_members_initializer>
FN:74,ButtonObserver
FN:77,getId
FN:81,getName
FN:85,update
FNF:13
FNH:12
FNDA:3,<instance_members_initializer>
FNDA:3,Button
FNDA:1,getId
FNDA:1,getName
FNDA:1,subscribe
FNDA:0,unsubscribe
FNDA:1,notify
FNDA:1,Evento_nuevo
FNDA:3,<instance_members_initializer>
FNDA:3,ButtonObserver
FNDA:1,getId
FNDA:1,getName
FNDA:1,update
DA:1,1
DA:2,1
DA:3,1
DA:4,1
DA:5,1
DA:6,1
DA:7,1
DA:8,1
DA:9,1
DA:10,1
DA:11,1
DA:12,1
DA:13,1
DA:14,1
DA:15,1
DA:16,1
DA:17,1
DA:18,1
DA:19,1
DA:20,1
DA:21,1
DA:22,1
DA:23,1
DA:24,1
DA:25,1
DA:26,1
DA:27,1
DA:28,3
DA:29,3
DA:30,3
DA:31,3
DA:32,3
DA:33,3
DA:34,3
DA:35,1
DA:36,1
DA:37,3
DA:38,3
DA:39,1
DA:40,1
DA:41,3
DA:42,3
DA:43,3
DA:44,1
DA:45,0
DA:46,1
DA:47,1
DA:48,1
DA:49,1
DA:50,3
DA:51,3
DA:52,0
DA:53,0
DA:54,0
DA:55,0
DA:56,0
DA:57,0
DA:58,0
DA:59,3
DA:60,3
DA:61,1
DA:62,1
DA:63,3
DA:64,3
DA:65,1
DA:66,1
DA:67,1
DA:68,3
DA:69,1
DA:70,1
DA:71,1
DA:72,1
DA:73,1
DA:74,3
DA:75,3
DA:76,3
DA:77,3
DA:78,1
DA:79,1
DA:80,3
DA:81,3
DA:82,1
DA:83,1
DA:84,3
DA:85,3
DA:86,1
DA:87,1
DA:88,3
LF:88
LH:80
BRDA:27,0,0,3
BRDA:31,1,0,3
BRDA:34,2,0,1
BRDA:38,3,0,1
BRDA:43,4,0,1
BRDA:44,5,0,0
BRDA:60,6,0,1
BRDA:61,7,0,1
BRDA:64,8,0,1
BRDA:73,9,0,3
BRDA:74,10,0,3
BRDA:77,11,0,1
BRDA:81,12,0,1
BRDA:85,13,0,1
BRF:14
BRH:13
end_of_record
