TN:
SF:src/modificacion1.ts
FN:27,<instance_members_initializer>
FN:73,<instance_members_initializer>
FN:74,ButtonObserver
FN:77,getId
FN:80,getName
FN:84,update
FNF:6
FNH:4
FNDA:0,<instance_members_initializer>
FNDA:2,<instance_members_initializer>
FNDA:2,ButtonObserver
FNDA:1,getId
FNDA:1,getName
FNDA:0,update
DA:1,1
DA:2,1
DA:3,1
DA:4,1
DA:5,1
DA:6,1
DA:7,1
DA:8,1
DA:9,1
DA:10,1
DA:11,1
DA:12,1
DA:13,1
DA:14,1
DA:15,1
DA:16,1
DA:17,1
DA:18,1
DA:19,1
DA:20,1
DA:21,1
DA:22,1
DA:23,1
DA:24,1
DA:25,1
DA:26,1
DA:27,1
DA:28,0
DA:29,0
DA:30,0
DA:31,0
DA:32,0
DA:33,0
DA:34,0
DA:35,0
DA:36,0
DA:37,0
DA:38,0
DA:39,0
DA:40,0
DA:41,0
DA:42,0
DA:43,0
DA:44,0
DA:45,0
DA:46,0
DA:47,0
DA:48,0
DA:49,0
DA:50,0
DA:51,0
DA:52,0
DA:53,0
DA:54,0
DA:55,0
DA:56,0
DA:57,0
DA:58,0
DA:59,0
DA:60,0
DA:61,0
DA:62,0
DA:63,0
DA:64,0
DA:65,0
DA:66,0
DA:67,0
DA:68,1
DA:69,1
DA:70,1
DA:71,1
DA:72,1
DA:73,1
DA:74,2
DA:75,2
DA:76,2
DA:77,2
DA:78,1
DA:79,1
DA:80,2
DA:81,1
DA:82,1
DA:83,2
DA:84,2
DA:85,0
DA:86,0
DA:87,2
LF:87
LH:45
BRDA:27,0,0,0
BRDA:73,1,0,2
BRDA:74,2,0,2
BRDA:77,3,0,1
BRDA:80,4,0,1
BRF:5
BRH:4
end_of_record
